<?xml version="1.0" encoding="UTF-8"?>
<testsuite xmlns:xsi="http://www.w3.org/2001/XMLSchema-instance" xsi:noNamespaceSchemaLocation="https://maven.apache.org/surefire/maven-surefire-plugin/xsd/surefire-test-report-3.0.xsd" version="3.0" name="TestSuite" time="1.334" tests="2" errors="0" skipped="0" failures="0">
  <properties>
[...]
</properties>
  <testcase name="count_of_foreign_player[[{&quot;country&quot;:&quot;South Africa&quot;,&quot;role&quot;:&quot;Batsman&quot;,&quot;name&quot;:&quot;Faf Du Plessis&quot;,&quot;price-in-crores&quot;:&quot;7&quot;},{&quot;country&quot;:&quot;India&quot;,&quot;role&quot;:&quot;Batsman&quot;,&quot;name&quot;:&quot;Virat Kohli&quot;,&quot;price-in-crores&quot;:&quot;15&quot;},{&quot;country&quot;:&quot;Australia&quot;,&quot;role&quot;:&quot;Batsman&quot;,&quot;name&quot;:&quot;Glenn Maxwell&quot;,&quot;price-in-crores&quot;:&quot;11&quot;},{&quot;country&quot;:&quot;India&quot;,&quot;role&quot;:&quot;Bowler&quot;,&quot;name&quot;:&quot;Mohammad Siraj&quot;,&quot;price-in-crores&quot;:&quot;7&quot;},{&quot;country&quot;:&quot;India&quot;,&quot;role&quot;:&quot;Bowler&quot;,&quot;name&quot;:&quot;Harshal Patel&quot;,&quot;price-in-crores&quot;:&quot;10.75&quot;},{&quot;country&quot;:&quot;Srilanka&quot;,&quot;role&quot;:&quot;Bowler&quot;,&quot;name&quot;:&quot;Wanindu Hasaranga&quot;,&quot;price-in-crores&quot;:&quot;10.75&quot;},{&quot;country&quot;:&quot;India&quot;,&quot;role&quot;:&quot;Wicket-keeper&quot;,&quot;name&quot;:&quot;Dinesh Karthik&quot;,&quot;price-in-crores&quot;:&quot;5.5&quot;},{&quot;country&quot;:&quot;India&quot;,&quot;role&quot;:&quot;All-Rounder&quot;,&quot;name&quot;:&quot;Shahbaz Ahmed&quot;,&quot;price-in-crores&quot;:&quot;2.4&quot;},{&quot;country&quot;:&quot;India&quot;,&quot;role&quot;:&quot;Batsman&quot;,&quot;name&quot;:&quot;Rajat Patidar&quot;,&quot;price-in-crores&quot;:&quot;0.20&quot;},{&quot;country&quot;:&quot;Australia&quot;,&quot;role&quot;:&quot;Bowler&quot;,&quot;name&quot;:&quot;Josh Hazlewood&quot;,&quot;price-in-crores&quot;:&quot;7.75&quot;},{&quot;country&quot;:&quot;India&quot;,&quot;role&quot;:&quot;Bowler&quot;,&quot;name&quot;:&quot;Mahipal Lomror&quot;,&quot;price-in-crores&quot;:&quot;7.75&quot;}]](1)" classname="testcases.rcb_tests" time="0.01">
    <system-out><![CDATA[[TestNGContentHandler] [WARN] It is strongly recommended to add "<!DOCTYPE suite SYSTEM "http://testng.org/testng-1.0.dtd" >" at the top of your file, otherwise TestNG may fail or not work as expected.
count of foreign plapers 4
]]></system-out>
  </testcase>
  <testcase name="count_of_wicket_keeper[[{&quot;country&quot;:&quot;South Africa&quot;,&quot;role&quot;:&quot;Batsman&quot;,&quot;name&quot;:&quot;Faf Du Plessis&quot;,&quot;price-in-crores&quot;:&quot;7&quot;},{&quot;country&quot;:&quot;India&quot;,&quot;role&quot;:&quot;Batsman&quot;,&quot;name&quot;:&quot;Virat Kohli&quot;,&quot;price-in-crores&quot;:&quot;15&quot;},{&quot;country&quot;:&quot;Australia&quot;,&quot;role&quot;:&quot;Batsman&quot;,&quot;name&quot;:&quot;Glenn Maxwell&quot;,&quot;price-in-crores&quot;:&quot;11&quot;},{&quot;country&quot;:&quot;India&quot;,&quot;role&quot;:&quot;Bowler&quot;,&quot;name&quot;:&quot;Mohammad Siraj&quot;,&quot;price-in-crores&quot;:&quot;7&quot;},{&quot;country&quot;:&quot;India&quot;,&quot;role&quot;:&quot;Bowler&quot;,&quot;name&quot;:&quot;Harshal Patel&quot;,&quot;price-in-crores&quot;:&quot;10.75&quot;},{&quot;country&quot;:&quot;Srilanka&quot;,&quot;role&quot;:&quot;Bowler&quot;,&quot;name&quot;:&quot;Wanindu Hasaranga&quot;,&quot;price-in-crores&quot;:&quot;10.75&quot;},{&quot;country&quot;:&quot;India&quot;,&quot;role&quot;:&quot;Wicket-keeper&quot;,&quot;name&quot;:&quot;Dinesh Karthik&quot;,&quot;price-in-crores&quot;:&quot;5.5&quot;},{&quot;country&quot;:&quot;India&quot;,&quot;role&quot;:&quot;All-Rounder&quot;,&quot;name&quot;:&quot;Shahbaz Ahmed&quot;,&quot;price-in-crores&quot;:&quot;2.4&quot;},{&quot;country&quot;:&quot;India&quot;,&quot;role&quot;:&quot;Batsman&quot;,&quot;name&quot;:&quot;Rajat Patidar&quot;,&quot;price-in-crores&quot;:&quot;0.20&quot;},{&quot;country&quot;:&quot;Australia&quot;,&quot;role&quot;:&quot;Bowler&quot;,&quot;name&quot;:&quot;Josh Hazlewood&quot;,&quot;price-in-crores&quot;:&quot;7.75&quot;},{&quot;country&quot;:&quot;India&quot;,&quot;role&quot;:&quot;Bowler&quot;,&quot;name&quot;:&quot;Mahipal Lomror&quot;,&quot;price-in-crores&quot;:&quot;7.75&quot;}]](1)" classname="testcases.rcb_tests" time="0.004">
    <system-out><![CDATA[count of wicket keepers 1
]]></system-out>
  </testcase>
</testsuite>